<?xml version="1.0" encoding="utf-8"?><testsuites><testsuite name="pytest" errors="0" failures="0" skipped="0" tests="4" time="8.462" timestamp="2025-03-19T10:08:09.635780+09:00" hostname="DESKTOP-4CRNUKJ"><testcase classname="integration.test_agent_e2e_workflow" name="test_all_agent_graphs_load" time="0.035" /><testcase classname="integration.test_agent_e2e_workflow" name="test_agent_collaboration_flow" time="0.214" /><testcase classname="integration.test_agent_e2e_workflow" name="test_agent_error_handling" time="0.212" /><testcase classname="integration.test_agent_e2e_workflow" name="test_checkpoint_restoration" time="0.233" /></testsuite></testsuites>