<?xml version="1.0" encoding="utf-8"?><testsuites><testsuite name="pytest" errors="0" failures="0" skipped="0" tests="3" time="4.362" timestamp="2025-03-18T11:15:50.052385+09:00" hostname="DESKTOP-4CRNUKJ"><testcase classname="integration.api.test_agent_workflow_api" name="test_complete_task_workflow" time="0.045" /><testcase classname="integration.api.test_agent_workflow_api" name="test_error_handling_workflow" time="0.017" /><testcase classname="integration.api.test_agent_workflow_api" name="test_human_interaction_workflow" time="0.017" /></testsuite></testsuites>