<?xml version="1.0" encoding="utf-8"?><testsuites><testsuite name="pytest" errors="0" failures="0" skipped="0" tests="10" time="2.774" timestamp="2025-03-18T09:51:06.591133+09:00" hostname="DESKTOP-4CRNUKJ"><testcase classname="integration.test_evaluation_integration" name="test_rule_1" time="0.008" /><testcase classname="integration.test_evaluation_integration" name="test_rule_2" time="0.003" /><testcase classname="integration.test_evaluation_integration" name="test_rule_based_evaluation" time="0.002" /><testcase classname="integration.test_evaluation_integration" name="test_ml_based_evaluation" time="0.103" /><testcase classname="integration.test_evaluation_integration" name="test_evaluation_error_handling" time="0.002" /><testcase classname="integration.test_evaluation_integration" name="test_evaluation_integration_with_agent" time="0.002" /><testcase classname="integration.test_agent_collaboration" name="test_basic_agent_communication" time="0.533" /><testcase classname="integration.test_agent_collaboration" name="test_context_sharing" time="0.531" /><testcase classname="integration.test_agent_collaboration" name="test_error_handling" time="0.531" /><testcase classname="integration.test_agent_collaboration" name="test_autonomous_mode_interaction" time="0.534" /></testsuite></testsuites>